<?xml version="1.0" encoding="UTF-8"?>
<!-- Generated by org.testng.reporters.JUnitXMLReporter -->
<testsuite ignored="4" hostname="PratiksPC" failures="0" tests="2" name="GRP-sanity" time="0.107" errors="0" timestamp="2022-01-22T13:00:23 EST">
  <testcase classname="selenium.Testing2" name="test5" time="0.022"/>
  <testcase classname="selenium.Testing1" name="test1" time="0.004"/>
  <testcase classname="selenium.Testing2" name="test4" time="0.0">
    <ignored/>
  </testcase> <!-- test4 -->
  <testcase classname="selenium.Testing1" name="test3" time="0.0">
    <ignored/>
  </testcase> <!-- test3 -->
  <testcase classname="selenium.Testing1" name="test2" time="0.0">
    <ignored/>
  </testcase> <!-- test2 -->
  <testcase classname="selenium.Testing1" name="abc" time="0.0">
    <ignored/>
  </testcase> <!-- abc -->
</testsuite> <!-- GRP-sanity -->
