<?xml version="1.0" encoding="UTF-8"?>
<!-- Generated by org.testng.reporters.JUnitXMLReporter -->
<testsuite ignored="6" hostname="PratiksPC" failures="0" tests="3" name="GRP-smoke" time="0.198" errors="0" timestamp="2022-01-22T12:47:55 EST">
  <testcase classname="selenium.Testing2" name="test4" time="0.022"/>
  <testcase classname="selenium.Testing3" name="createuser" time="0.009"/>
  <testcase classname="selenium.Testing1" name="test1" time="0.01"/>
  <testcase classname="selenium.Testing1" name="test3" time="0.0">
    <ignored/>
  </testcase> <!-- test3 -->
  <testcase classname="selenium.Testing2" name="test5" time="0.0">
    <ignored/>
  </testcase> <!-- test5 -->
  <testcase classname="selenium.Testing1" name="test2" time="0.0">
    <ignored/>
  </testcase> <!-- test2 -->
  <testcase classname="selenium.Testing3" name="deleteuser" time="0.0">
    <ignored/>
  </testcase> <!-- deleteuser -->
  <testcase classname="selenium.Testing1" name="abc" time="0.0">
    <ignored/>
  </testcase> <!-- abc -->
  <testcase classname="selenium.Testing3" name="edituser" time="0.0">
    <ignored/>
  </testcase> <!-- edituser -->
</testsuite> <!-- GRP-smoke -->
